<?xml version="1.0" encoding="UTF-8"?>
<!-- Generated by org.testng.reporters.JUnitReportReporter -->
<testsuite hostname="LAPTOP-6UF6IA95" failures="0" tests="1" name="com.wipro.training.ValidateMenu" time="0.196" errors="0" timestamp="2020-08-27T18:01:49 IST" skipped="0">
  <testcase classname="com.wipro.training.ValidateMenu" name="validateMenu" time="0.196"/>
</testsuite> <!-- com.wipro.training.ValidateMenu -->
