<?xml version="1.0" encoding="UTF-8"?>
<!-- Generated by org.testng.reporters.JUnitReportReporter -->
<testsuite hostname="LAPTOP-6UF6IA95" failures="0" tests="2" name="com.wipro.training.Login" time="10.481" errors="0" timestamp="2020-08-25T16:07:00 IST" skipped="0">
  <testcase classname="com.wipro.training.Login" name="testLogin" time="7.934"/>
  <testcase classname="com.wipro.training.Login" name="testLogin" time="2.547"/>
</testsuite> <!-- com.wipro.training.Login -->
